<?xml version="1.0" encoding="UTF-8"?>
<!-- Generated by org.testng.reporters.JUnitReportReporter -->
<testsuite hostname="azhar" failures="0" tests="3" name="testCasses.TC001_AccountRegistrationTest" time="8.352" errors="0" timestamp="2024-11-12T12:21:30 IST" skipped="0">
  <testcase classname="testCasses.TC001_AccountRegistrationTest" name="verify_account_registration" time="3.325"/>
  <testcase classname="testCasses.TC001_AccountRegistrationTest" name="verify_account_registration" time="2.709"/>
  <testcase classname="testCasses.TC001_AccountRegistrationTest" name="verify_account_registration" time="2.318"/>
</testsuite> <!-- testCasses.TC001_AccountRegistrationTest -->
